#
# There is insufficient memory for the Java Runtime Environment to continue.
# Native memory allocation (mmap) failed to map 2097152 bytes for G1 virtual space
# Possible reasons:
#   The system is out of physical RAM or swap space
#   The process is running with CompressedOops enabled, and the Java Heap may be blocking the growth of the native heap
# Possible solutions:
#   Reduce memory load on the system
#   Increase physical memory or swap space
#   Check if swap backing store is full
#   Decrease Java heap size (-Xmx/-Xms)
#   Decrease number of Java threads
#   Decrease Java thread stack sizes (-Xss)
#   Set larger code cache with -XX:ReservedCodeCacheSize=
#   JVM is running with Unscaled Compressed Oops mode in which the Java heap is
#     placed in the first 4GB address space. The Java Heap base address is the
#     maximum limit for the native heap growth. Please use -XX:HeapBaseMinAddress
#     to set the Java Heap base and to place the Java Heap above 4GB virtual address.
# This output file may be truncated or incomplete.
#
#  Out of Memory Error (os_windows.cpp:3535), pid=16272, tid=13832
#
# JRE version:  (17.0.3+7) (build )
# Java VM: OpenJDK 64-Bit Server VM (17.0.3+7, mixed mode, emulated-client, sharing, tiered, compressed oops, compressed class ptrs, g1 gc, windows-amd64)
# No core dump will be written. Minidumps are not enabled by default on client versions of Windows
#

---------------  S U M M A R Y ------------

Command Line: -Dcom.sun.management.jmxremote -Dcom.sun.management.jmxremote.port=56216 -Dcom.sun.management.jmxremote.authenticate=false -Dcom.sun.management.jmxremote.ssl=false -Djava.rmi.server.hostname=localhost -Dspring.jmx.enabled=true -Dspring.application.admin.enabled=true -XX:TieredStopAtLevel=1 -Dspring.boot.project.name=crud_react1 -Dfile.encoding=UTF-8 -XX:+ShowCodeDetailsInExceptionMessages com.sohamreact.CrudReact1Application --spring.output.ansi.enabled=always

Host: Intel(R) Core(TM) i5-4570T CPU @ 2.90GHz, 4 cores, 7G,  Windows 10 , 64 bit Build 18362 (10.0.18362.1350)
Time: Fri Sep 16 16:30:41 2022 India Standard Time elapsed time: 0.086582 seconds (0d 0h 0m 0s)

---------------  T H R E A D  ---------------

Current thread (0x0000023c2a3cf2f0):  JavaThread "Unknown thread" [_thread_in_vm, id=13832, stack(0x0000004a90200000,0x0000004a90300000)]

Stack: [0x0000004a90200000,0x0000004a90300000]
Native frames: (J=compiled Java code, j=interpreted, Vv=VM code, C=native code)
V  [jvm.dll+0x675efa]
V  [jvm.dll+0x830a24]
V  [jvm.dll+0x8321ce]
V  [jvm.dll+0x832833]
V  [jvm.dll+0x2454b5]
V  [jvm.dll+0x672de9]
V  [jvm.dll+0x667732]
V  [jvm.dll+0x3043ab]
V  [jvm.dll+0x30b8f6]
V  [jvm.dll+0x35b658]
V  [jvm.dll+0x35b85f]
V  [jvm.dll+0x2db248]
V  [jvm.dll+0x2dc1b4]
V  [jvm.dll+0x802651]
V  [jvm.dll+0x3693b1]
V  [jvm.dll+0x7e1aac]
V  [jvm.dll+0x3ebd8f]
V  [jvm.dll+0x3ed911]
C  [jli.dll+0x5277]
C  [ucrtbase.dll+0x210b2]
C  [KERNEL32.DLL+0x17c24]
C  [ntdll.dll+0x6d721]


---------------  P R O C E S S  ---------------

Threads class SMR info:
_java_thread_list=0x00007ffd886c6e98, length=0, elements={
}

Java Threads: ( => current thread )

Other Threads:
  0x0000023c2a428d40 GCTaskThread "GC Thread#0" [stack: 0x0000004a90300000,0x0000004a90400000] [id=15304]
  0x0000023c2a43a800 ConcurrentGCThread "G1 Main Marker" [stack: 0x0000004a90400000,0x0000004a90500000] [id=5600]
  0x0000023c2a43b8a0 ConcurrentGCThread "G1 Conc#0" [stack: 0x0000004a90500000,0x0000004a90600000] [id=12048]

[error occurred during error reporting (printing all threads), id 0xc0000005, EXCEPTION_ACCESS_VIOLATION (0xc0000005) at pc=0x00007ffd87e9bcd7]

VM state: not at safepoint (not fully initialized)

VM Mutex/Monitor currently owned by a thread:  ([mutex/lock_event])
[0x0000023c2a3cc640] Heap_lock - owner thread: 0x0000023c2a3cf2f0

Heap address: 0x0000000081200000, size: 2030 MB, Compressed Oops mode: 32-bit

CDS archive(s) mapped at: [0x0000000000000000-0x0000000000000000-0x0000000000000000), size 0, SharedBaseAddress: 0x0000000800000000, ArchiveRelocationMode: 0.
Narrow klass base: 0x0000000000000000, Narrow klass shift: 0, Narrow klass range: 0x0

GC Precious Log:
<Empty>

Heap:
 garbage-first heap   total 0K, used 0K [0x0000000081200000, 0x0000000100000000)
  region size 1024K, 0 young (0K), 0 survivors (0K)

[error occurred during error reporting (printing heap information), id 0xc0000005, EXCEPTION_ACCESS_VIOLATION (0xc0000005) at pc=0x00007ffd8827f249]

GC Heap History (0 events):
No events

Deoptimization events (0 events):
No events

Classes unloaded (0 events):
No events

Classes redefined (0 events):
No events

Internal exceptions (0 events):
No events

VM Operations (0 events):
No events

Events (1 events):
Event: 0.044 Loaded shared library C:\Users\Soham Kulkarni.TCOGNITION\Downloads\sts-4.15.1.RELEASE\plugins\org.eclipse.justj.openjdk.hotspot.jre.full.win32.x86_64_17.0.3.v20220515-1416\jre\bin\java.dll


Dynamic libraries:
0x00007ff7bac10000 - 0x00007ff7bac1e000 	C:\Users\Soham Kulkarni.TCOGNITION\Downloads\sts-4.15.1.RELEASE\plugins\org.eclipse.justj.openjdk.hotspot.jre.full.win32.x86_64_17.0.3.v20220515-1416\jre\bin\javaw.exe
0x00007ffdd1aa0000 - 0x00007ffdd1c90000 	C:\Windows\SYSTEM32\ntdll.dll
0x00007ffdd0800000 - 0x00007ffdd08b2000 	C:\Windows\System32\KERNEL32.DLL
0x00007ffdceb20000 - 0x00007ffdcedc5000 	C:\Windows\System32\KERNELBASE.dll
0x00007ffdcea20000 - 0x00007ffdceb1a000 	C:\Windows\System32\ucrtbase.dll
0x00007ffdbb9a0000 - 0x00007ffdbb9b8000 	C:\Users\Soham Kulkarni.TCOGNITION\Downloads\sts-4.15.1.RELEASE\plugins\org.eclipse.justj.openjdk.hotspot.jre.full.win32.x86_64_17.0.3.v20220515-1416\jre\bin\jli.dll
0x00007ffdbad40000 - 0x00007ffdbad59000 	C:\Users\Soham Kulkarni.TCOGNITION\Downloads\sts-4.15.1.RELEASE\plugins\org.eclipse.justj.openjdk.hotspot.jre.full.win32.x86_64_17.0.3.v20220515-1416\jre\bin\VCRUNTIME140.dll
0x00007ffdd09c0000 - 0x00007ffdd0b54000 	C:\Windows\System32\USER32.dll
0x00007ffdcfb20000 - 0x00007ffdcfb41000 	C:\Windows\System32\win32u.dll
0x00007ffdb4720000 - 0x00007ffdb49a4000 	C:\Windows\WinSxS\amd64_microsoft.windows.common-controls_6595b64144ccf1df_6.0.18362.1379_none_9e7ff3b3e45cc0c4\COMCTL32.dll
0x00007ffdd0c00000 - 0x00007ffdd0c26000 	C:\Windows\System32\GDI32.dll
0x00007ffdcf8a0000 - 0x00007ffdcfa38000 	C:\Windows\System32\gdi32full.dll
0x00007ffdcef40000 - 0x00007ffdcefde000 	C:\Windows\System32\msvcp_win.dll
0x00007ffdd0b60000 - 0x00007ffdd0bfe000 	C:\Windows\System32\msvcrt.dll
0x00007ffdd0440000 - 0x00007ffdd0777000 	C:\Windows\System32\combase.dll
0x00007ffdd1910000 - 0x00007ffdd1a2f000 	C:\Windows\System32\RPCRT4.dll
0x00007ffdcf760000 - 0x00007ffdcf7e1000 	C:\Windows\System32\bcryptPrimitives.dll
0x00007ffdd1a30000 - 0x00007ffdd1a5e000 	C:\Windows\System32\IMM32.DLL
0x00007ffdc8520000 - 0x00007ffdc852c000 	C:\Users\Soham Kulkarni.TCOGNITION\Downloads\sts-4.15.1.RELEASE\plugins\org.eclipse.justj.openjdk.hotspot.jre.full.win32.x86_64_17.0.3.v20220515-1416\jre\bin\vcruntime140_1.dll
0x00007ffd9f9c0000 - 0x00007ffd9fa51000 	C:\Users\Soham Kulkarni.TCOGNITION\Downloads\sts-4.15.1.RELEASE\plugins\org.eclipse.justj.openjdk.hotspot.jre.full.win32.x86_64_17.0.3.v20220515-1416\jre\bin\msvcp140.dll
0x00007ffd87bb0000 - 0x00007ffd887f8000 	C:\Users\Soham Kulkarni.TCOGNITION\Downloads\sts-4.15.1.RELEASE\plugins\org.eclipse.justj.openjdk.hotspot.jre.full.win32.x86_64_17.0.3.v20220515-1416\jre\bin\server\jvm.dll
0x00007ffdd11d0000 - 0x00007ffdd1273000 	C:\Windows\System32\ADVAPI32.dll
0x00007ffdcfc20000 - 0x00007ffdcfcb7000 	C:\Windows\System32\sechost.dll
0x00007ffdd08e0000 - 0x00007ffdd08e8000 	C:\Windows\System32\PSAPI.DLL
0x00007ffdc84a0000 - 0x00007ffdc84a9000 	C:\Windows\SYSTEM32\WSOCK32.dll
0x00007ffdd1280000 - 0x00007ffdd12ef000 	C:\Windows\System32\WS2_32.dll
0x00007ffdc5620000 - 0x00007ffdc562a000 	C:\Windows\SYSTEM32\VERSION.dll
0x00007ffdccb00000 - 0x00007ffdccb24000 	C:\Windows\SYSTEM32\WINMM.dll
0x00007ffdccad0000 - 0x00007ffdccafd000 	C:\Windows\SYSTEM32\winmmbase.dll
0x00007ffdcfad0000 - 0x00007ffdcfb1a000 	C:\Windows\System32\cfgmgr32.dll
0x00007ffdce960000 - 0x00007ffdce971000 	C:\Windows\System32\kernel.appcore.dll
0x00007ffdc83d0000 - 0x00007ffdc83da000 	C:\Users\Soham Kulkarni.TCOGNITION\Downloads\sts-4.15.1.RELEASE\plugins\org.eclipse.justj.openjdk.hotspot.jre.full.win32.x86_64_17.0.3.v20220515-1416\jre\bin\jimage.dll
0x00007ffdc4d60000 - 0x00007ffdc4f54000 	C:\Windows\SYSTEM32\DBGHELP.DLL
0x00007ffdc4d30000 - 0x00007ffdc4d5a000 	C:\Windows\SYSTEM32\dbgcore.DLL
0x00007ffdbbb40000 - 0x00007ffdbbb65000 	C:\Users\Soham Kulkarni.TCOGNITION\Downloads\sts-4.15.1.RELEASE\plugins\org.eclipse.justj.openjdk.hotspot.jre.full.win32.x86_64_17.0.3.v20220515-1416\jre\bin\java.dll

dbghelp: loaded successfully - version: 4.0.5 - missing functions: none
symbol engine: initialized successfully - sym options: 0x614 - pdb path: .;C:\Users\Soham Kulkarni.TCOGNITION\Downloads\sts-4.15.1.RELEASE\plugins\org.eclipse.justj.openjdk.hotspot.jre.full.win32.x86_64_17.0.3.v20220515-1416\jre\bin;C:\Windows\SYSTEM32;C:\Windows\WinSxS\amd64_microsoft.windows.common-controls_6595b64144ccf1df_6.0.18362.1379_none_9e7ff3b3e45cc0c4;C:\Users\Soham Kulkarni.TCOGNITION\Downloads\sts-4.15.1.RELEASE\plugins\org.eclipse.justj.openjdk.hotspot.jre.full.win32.x86_64_17.0.3.v20220515-1416\jre\bin\server

VM Arguments:
jvm_args: -Dcom.sun.management.jmxremote -Dcom.sun.management.jmxremote.port=56216 -Dcom.sun.management.jmxremote.authenticate=false -Dcom.sun.management.jmxremote.ssl=false -Djava.rmi.server.hostname=localhost -Dspring.jmx.enabled=true -Dspring.application.admin.enabled=true -XX:TieredStopAtLevel=1 -Dspring.boot.project.name=crud_react1 -Dfile.encoding=UTF-8 -XX:+ShowCodeDetailsInExceptionMessages 
java_command: com.sohamreact.CrudReact1Application --spring.output.ansi.enabled=always
java_class_path (initial): C:\Users\Soham Kulkarni.TCOGNITION\Desktop\Soham\Code\Spring_Workspace\crud_react1\target\classes;C:\Users\Soham Kulkarni.TCOGNITION\.m2\repository\org\springframework\boot\spring-boot-starter-data-jpa\2.6.8\spring-boot-starter-data-jpa-2.6.8.jar;C:\Users\Soham Kulkarni.TCOGNITION\.m2\repository\org\springframework\boot\spring-boot-starter-aop\2.6.8\spring-boot-starter-aop-2.6.8.jar;C:\Users\Soham Kulkarni.TCOGNITION\.m2\repository\org\springframework\spring-aop\5.3.20\spring-aop-5.3.20.jar;C:\Users\Soham Kulkarni.TCOGNITION\.m2\repository\org\aspectj\aspectjweaver\1.9.7\aspectjweaver-1.9.7.jar;C:\Users\Soham Kulkarni.TCOGNITION\.m2\repository\org\springframework\boot\spring-boot-starter-jdbc\2.6.8\spring-boot-starter-jdbc-2.6.8.jar;C:\Users\Soham Kulkarni.TCOGNITION\.m2\repository\com\zaxxer\HikariCP\4.0.3\HikariCP-4.0.3.jar;C:\Users\Soham Kulkarni.TCOGNITION\.m2\repository\org\springframework\spring-jdbc\5.3.20\spring-jdbc-5.3.20.jar;C:\Users\Soham Kulkarni.TCOGNITION\.m2\repository\jakarta\transaction\jakarta.transaction-api\1.3.3\jakarta.transaction-api-1.3.3.jar;C:\Users\Soham Kulkarni.TCOGNITION\.m2\repository\jakarta\persistence\jakarta.persistence-api\2.2.3\jakarta.persistence-api-2.2.3.jar;C:\Users\Soham Kulkarni.TCOGNITION\.m2\repository\org\hibernate\hibernate-core\5.6.9.Final\hibernate-core-5.6.9.Final.jar;C:\Users\Soham Kulkarni.TCOGNITION\.m2\repository\org\jboss\logging\jboss-logging\3.4.3.Final\jboss-logging-3.4.3.Final.jar;C:\Users\Soham Kulkarni.TCOGNITION\.m2\repository\net\bytebuddy\byte-buddy\1.11.22\byte-buddy-1.11.22.jar;C:\Users\Soham Kulkarni.TCOGNITION\.m2\repository\antlr\antlr\2.7.7\antlr-2.7.7.jar;C:\Users\Soham Kulkarni.TCOGNITION\.m2\repository\org\jboss\jandex\2.4.2.Final\jandex-2.4.2.Final.jar;C:\Users\Soham Kulkarni.TCOGNITION\.m2\repository\com\fasterxml\classmate\1.5.1\classmate-1.5.1.jar;C:\Users\Soham Kulkarni.TCOGNITION\.m2\repository\org\hibernate\common\hibernate-commons-annotations\5.1.2.Final\hi
Launcher Type: SUN_STANDARD

[Global flags]
     intx CICompilerCount                          = 3                                         {product} {ergonomic}
     uint ConcGCThreads                            = 1                                         {product} {ergonomic}
     uint G1ConcRefinementThreads                  = 4                                         {product} {ergonomic}
   size_t G1HeapRegionSize                         = 1048576                                   {product} {ergonomic}
    uintx GCDrainStackTargetSize                   = 64                                        {product} {ergonomic}
   size_t InitialHeapSize                          = 134217728                                 {product} {ergonomic}
     bool ManagementServer                         = true                                      {product} {command line}
   size_t MarkStackSize                            = 4194304                                   {product} {ergonomic}
   size_t MaxHeapSize                              = 2128609280                                {product} {ergonomic}
   size_t MinHeapDeltaBytes                        = 1048576                                   {product} {ergonomic}
   size_t MinHeapSize                              = 8388608                                   {product} {ergonomic}
    uintx NonProfiledCodeHeapSize                  = 0                                      {pd product} {ergonomic}
     bool ProfileInterpreter                       = false                                  {pd product} {command line}
    uintx ProfiledCodeHeapSize                     = 0                                      {pd product} {ergonomic}
     bool ShowCodeDetailsInExceptionMessages       = true                                   {manageable} {command line}
   size_t SoftMaxHeapSize                          = 2128609280                             {manageable} {ergonomic}
     intx TieredStopAtLevel                        = 1                                         {product} {command line}
     bool UseCompressedClassPointers               = true                           {product lp64_product} {ergonomic}
     bool UseCompressedOops                        = true                           {product lp64_product} {ergonomic}
     bool UseG1GC                                  = true                                      {product} {ergonomic}
     bool UseLargePagesIndividualAllocation        = false                                  {pd product} {ergonomic}

Logging:
Log output configuration:
 #0: stdout all=warning uptime,level,tags
 #1: stderr all=off uptime,level,tags

Environment Variables:
JAVA_HOME=C:\Program Files\Java\jdk1.8.0_333
PATH=C:/Users/Soham Kulkarni.TCOGNITION/Downloads/sts-4.15.1.RELEASE//plugins/org.eclipse.justj.openjdk.hotspot.jre.full.win32.x86_64_17.0.3.v20220515-1416/jre/bin/server;C:/Users/Soham Kulkarni.TCOGNITION/Downloads/sts-4.15.1.RELEASE//plugins/org.eclipse.justj.openjdk.hotspot.jre.full.win32.x86_64_17.0.3.v20220515-1416/jre/bin;C:\Python310\Scripts\;C:\Python310\;C:\Program Files (x86)\Common Files\Oracle\Java\javapath;C:\Windows\system32;C:\Windows;C:\Windows\System32\Wbem;C:\Windows\System32\WindowsPowerShell\v1.0\;C:\Windows\System32\OpenSSH\;C:\Program Files\Java\jdk1.8.0_333\bin;C:\Program Files\dotnet\;C:\Program Files\nodejs\;C:\ProgramData\chocolatey\bin;C:\Users\Soham Kulkarni.TCOGNITION\AppData\Local\Microsoft\WindowsApps;C:\Users\Soham Kulkarni.TCOGNITION\Desktop\Soham\Extract\apache-maven-3.8.6\bin;C:\Users\Soham Kulkarni.TCOGNITION\AppData\Local\Programs\Git\cmd;C:\Users\Soham Kulkarni.TCOGNITION\AppData\Local\Programs\Microsoft VS Code\bin;C:\Users\Soham Kulkarni.TCOGNITION\AppData\Roaming\npm;C:\Users\Soham Kulkarni.TCOGNITION\Downloads\sts-4.15.1.RELEASE;
USERNAME=Soham Kulkarni
OS=Windows_NT
PROCESSOR_IDENTIFIER=Intel64 Family 6 Model 60 Stepping 3, GenuineIntel



---------------  S Y S T E M  ---------------

OS:
 Windows 10 , 64 bit Build 18362 (10.0.18362.1350)
OS uptime: 17 days 5:16 hours

CPU: total 4 (initial active 4) (2 cores per cpu, 2 threads per core) family 6 model 60 stepping 3 microcode 0x25, cx8, cmov, fxsr, ht, mmx, sse, sse2, sse3, ssse3, sse4.1, sse4.2, popcnt, lzcnt, tsc, tscinvbit, avx, avx2, aes, erms, clmul, bmi1, bmi2, fma, vzeroupper, clflush

Memory: 4k page, system-wide physical 8114M (850M free)
TotalPageFile size 10210M (AvailPageFile size 6M)
current process WorkingSet (physical memory assigned to process): 10M, peak: 10M
current process commit charge ("private bytes"): 177M, peak: 179M

vm_info: OpenJDK 64-Bit Server VM (17.0.3+7) for windows-amd64 JRE (17.0.3+7), built on Apr 19 2022 16:55:35 by "" with MS VC++ 16.7 (VS2019)

END.
